# JRE version: Java(TM) SE Runtime Environment (17.0.1+12) (build 17.0.1+12-LTS-39)
# Java VM: Java HotSpot(TM) 64-Bit Server VM (17.0.1+12-LTS-39, mixed mode, emulated-client, sharing, tiered, compressed oops, compressed class ptrs, g1 gc, windows-amd64)
GC Precious Log:
 CPUs: 12 total, 12 available
 Memory: 16175M
 Large Page Support: Disabled
 NUMA Support: Disabled
 Compressed Oops: Enabled (Zero based)
 Heap Region Size: 2M
 Heap Min Capacity: 8M
 Heap Initial Capacity: 254M
 Heap Max Capacity: 4044M
 Pre-touch: Disabled
 Parallel Workers: 10
 Concurrent Workers: 3
 Concurrent Refinement Workers: 10
 Periodic GC: Disabled
Heap:
 garbage-first heap   total 116736K, used 66608K [0x0000000703400000, 0x0000000800000000)
  region size 2048K, 15 young (30720K), 2 survivors (4096K)
 Metaspace       used 78283K, committed 78912K, reserved 1122304K
  class space    used 11459K, committed 11776K, reserved 1048576K
GC Heap History (20 events):
Event: 2257.237 GC heap before
{Heap before GC invocations=36 (full 1):
 garbage-first heap   total 116736K, used 86579K [0x0000000703400000, 0x0000000800000000)
  region size 2048K, 27 young (55296K), 1 survivors (2048K)
 Metaspace       used 76807K, committed 77504K, reserved 1122304K
  class space    used 11331K, committed 11712K, reserved 1048576K
}
Event: 2257.238 GC heap after
{Heap after GC invocations=37 (full 1):
 garbage-first heap   total 116736K, used 35412K [0x0000000703400000, 0x0000000800000000)
  region size 2048K, 1 young (2048K), 1 survivors (2048K)
 Metaspace       used 76807K, committed 77504K, reserved 1122304K
  class space    used 11331K, committed 11712K, reserved 1048576K
}
Event: 2257.743 GC heap before
{Heap before GC invocations=37 (full 1):
 garbage-first heap   total 116736K, used 88660K [0x0000000703400000, 0x0000000800000000)
  region size 2048K, 28 young (57344K), 1 survivors (2048K)
 Metaspace       used 77406K, committed 78016K, reserved 1122304K
  class space    used 11398K, committed 11712K, reserved 1048576K
}
Event: 2257.746 GC heap after
{Heap after GC invocations=38 (full 1):
 garbage-first heap   total 116736K, used 38873K [0x0000000703400000, 0x0000000800000000)
  region size 2048K, 2 young (4096K), 2 survivors (4096K)
 Metaspace       used 77406K, committed 78016K, reserved 1122304K
  class space    used 11398K, committed 11712K, reserved 1048576K
}
Event: 2288.630 GC heap before
{Heap before GC invocations=38 (full 1):
 garbage-first heap   total 116736K, used 90073K [0x0000000703400000, 0x0000000800000000)
  region size 2048K, 27 young (55296K), 2 survivors (4096K)
 Metaspace       used 78280K, committed 78912K, reserved 1122304K
  class space    used 11458K, committed 11776K, reserved 1048576K
}
Event: 2288.634 GC heap after
{Heap after GC invocations=39 (full 1):
 garbage-first heap   total 116736K, used 42556K [0x0000000703400000, 0x0000000800000000)
  region size 2048K, 4 young (8192K), 4 survivors (8192K)
 Metaspace       used 78280K, committed 78912K, reserved 1122304K
  class space    used 11458K, committed 11776K, reserved 1048576K
}
Event: 2402.647 GC heap before
{Heap before GC invocations=39 (full 1):
 garbage-first heap   total 116736K, used 87612K [0x0000000703400000, 0x0000000800000000)
  region size 2048K, 26 young (53248K), 4 survivors (8192K)
 Metaspace       used 78280K, committed 78912K, reserved 1122304K
  class space    used 11458K, committed 11776K, reserved 1048576K
}
Event: 2402.652 GC heap after
{Heap after GC invocations=40 (full 1):
 garbage-first heap   total 116736K, used 42755K [0x0000000703400000, 0x0000000800000000)
  region size 2048K, 2 young (4096K), 2 survivors (4096K)
 Metaspace       used 78280K, committed 78912K, reserved 1122304K
  class space    used 11458K, committed 11776K, reserved 1048576K
}
Event: 2527.347 GC heap before
{Heap before GC invocations=40 (full 1):
 garbage-first heap   total 116736K, used 91907K [0x0000000703400000, 0x0000000800000000)
  region size 2048K, 26 young (53248K), 2 survivors (4096K)
 Metaspace       used 78280K, committed 78912K, reserved 1122304K
  class space    used 11458K, committed 11776K, reserved 1048576K
}
Event: 2527.350 GC heap after
{Heap after GC invocations=41 (full 1):
 garbage-first heap   total 116736K, used 42089K [0x0000000703400000, 0x0000000800000000)
  region size 2048K, 2 young (4096K), 2 survivors (4096K)
 Metaspace       used 78280K, committed 78912K, reserved 1122304K
  class space    used 11458K, committed 11776K, reserved 1048576K
}
Event: 2653.326 GC heap before
{Heap before GC invocations=41 (full 1):
 garbage-first heap   total 116736K, used 91241K [0x0000000703400000, 0x0000000800000000)
  region size 2048K, 26 young (53248K), 2 survivors (4096K)
 Metaspace       used 78280K, committed 78912K, reserved 1122304K
  class space    used 11458K, committed 11776K, reserved 1048576K
}
Event: 2653.329 GC heap after
{Heap after GC invocations=42 (full 1):
 garbage-first heap   total 116736K, used 41798K [0x0000000703400000, 0x0000000800000000)
  region size 2048K, 2 young (4096K), 2 survivors (4096K)
 Metaspace       used 78280K, committed 78912K, reserved 1122304K
  class space    used 11458K, committed 11776K, reserved 1048576K
}
Event: 2783.316 GC heap before
{Heap before GC invocations=42 (full 1):
 garbage-first heap   total 116736K, used 92998K [0x0000000703400000, 0x0000000800000000)
  region size 2048K, 27 young (55296K), 2 survivors (4096K)
 Metaspace       used 78280K, committed 78912K, reserved 1122304K
  class space    used 11458K, committed 11776K, reserved 1048576K
}
Event: 2783.319 GC heap after
{Heap after GC invocations=43 (full 1):
 garbage-first heap   total 116736K, used 42006K [0x0000000703400000, 0x0000000800000000)
  region size 2048K, 2 young (4096K), 2 survivors (4096K)
 Metaspace       used 78280K, committed 78912K, reserved 1122304K
  class space    used 11458K, committed 11776K, reserved 1048576K
}
Event: 2914.781 GC heap before
{Heap before GC invocations=43 (full 1):
 garbage-first heap   total 116736K, used 93206K [0x0000000703400000, 0x0000000800000000)
  region size 2048K, 27 young (55296K), 2 survivors (4096K)
 Metaspace       used 78280K, committed 78912K, reserved 1122304K
  class space    used 11458K, committed 11776K, reserved 1048576K
}
Event: 2914.783 GC heap after
{Heap after GC invocations=44 (full 1):
 garbage-first heap   total 116736K, used 42004K [0x0000000703400000, 0x0000000800000000)
  region size 2048K, 2 young (4096K), 2 survivors (4096K)
 Metaspace       used 78280K, committed 78912K, reserved 1122304K
  class space    used 11458K, committed 11776K, reserved 1048576K
}
Event: 3044.166 GC heap before
{Heap before GC invocations=44 (full 1):
 garbage-first heap   total 116736K, used 93204K [0x0000000703400000, 0x0000000800000000)
  region size 2048K, 27 young (55296K), 2 survivors (4096K)
 Metaspace       used 78280K, committed 78912K, reserved 1122304K
  class space    used 11458K, committed 11776K, reserved 1048576K
}
Event: 3044.169 GC heap after
{Heap after GC invocations=45 (full 1):
 garbage-first heap   total 116736K, used 42070K [0x0000000703400000, 0x0000000800000000)
  region size 2048K, 2 young (4096K), 2 survivors (4096K)
 Metaspace       used 78280K, committed 78912K, reserved 1122304K
  class space    used 11458K, committed 11776K, reserved 1048576K
}
Event: 3174.638 GC heap before
{Heap before GC invocations=45 (full 1):
 garbage-first heap   total 116736K, used 93270K [0x0000000703400000, 0x0000000800000000)
  region size 2048K, 27 young (55296K), 2 survivors (4096K)
 Metaspace       used 78280K, committed 78912K, reserved 1122304K
  class space    used 11458K, committed 11776K, reserved 1048576K
}
Event: 3174.640 GC heap after
{Heap after GC invocations=46 (full 1):
 garbage-first heap   total 116736K, used 42032K [0x0000000703400000, 0x0000000800000000)
  region size 2048K, 2 young (4096K), 2 survivors (4096K)
 Metaspace       used 78280K, committed 78912K, reserved 1122304K
  class space    used 11458K, committed 11776K, reserved 1048576K
}

